Arguments: 
  C:\Program Files\nodejs\node.exe C:\Users\Fadi_\AppData\Roaming\npm\node_modules\yarn\bin\yarn.js --emoji

PATH: 
  C:\Users\Fadi_\bin;C:\Program Files\Git\mingw64\bin;C:\Program Files\Git\usr\local\bin;C:\Program Files\Git\usr\bin;C:\Program Files\Git\usr\bin;C:\Program Files\Git\mingw64\bin;C:\Program Files\Git\usr\bin;C:\Users\Fadi_\bin;C:\Windows\system32;C:\Windows;C:\Windows\System32\Wbem;C:\Windows\System32\WindowsPowerShell\v1.0;C:\Windows\System32\OpenSSH;C:\Users\Fadi_\AppData\Roaming\nvm;C:\Program Files\nodejs;C:\ProgramData\chocolatey\bin;C:\WINDOWS\system32;C:\WINDOWS;C:\WINDOWS\System32\Wbem;C:\WINDOWS\System32\WindowsPowerShell\v1.0;C:\WINDOWS\System32\OpenSSH;C:\WINDOWS\System32\OpenSSH;C:\WINDOWS\system32;C:\WINDOWS;C:\WINDOWS\System32\Wbem;C:\WINDOWS\System32\WindowsPowerShell\v1.0;C:\Program Files\Git\cmd;C:\Program Files\nodejs;C:\Program Files\PowerShell\7;C:\Program Files\Docker\Docker\resources\bin;C:\Users\Fadi_\AppData\Local\pnpm;C:\Users\Fadi_\AppData\Local\Microsoft\WindowsApps;C:\Users\Fadi_\AppData\Roaming\npm;C:\Users\Fadi_\AppData\Local\Programs\Microsoft VS Code Insiders\bin;C:\Program Files\Git\usr\bin\vendor_perl;C:\Program Files\Git\usr\bin\core_perl

Yarn version: 
  1.22.19

Node version: 
  20.8.0

Platform: 
  win32 x64

Trace: 
  Error: ENOENT: no such file or directory, copyfile 'C:\Users\Fadi_\AppData\Local\Yarn\Cache\v6\npm-globals-13.23.0-ef31673c926a0976e1f61dab4dca57e0c0a8af02-integrity\node_modules\globals\index.d.ts' -> 'C:\Users\Fadi_\Desktop\Code Storage\Repos\CameraWebsite\client\node_modules\@eslint\eslintrc\node_modules\globals\index.d.ts'

npm manifest: 
  {
    "name": "surveillance_website_client",
    "version": "0.1.40",
    "author": {
      "name": "Fadi Hanna",
      "email": "fhanna181@gmail.com"
    },
    "bugs": "https://github.com/fadihanna123/CameraWebsite/issues",
    "repository": {
      "type": "git",
      "url": "https://github.com/fadihanna123/CameraWebsite/tree/main/client"
    },
    "license": "MIT",
    "homepage": "./",
    "private": "true",
    "lastUpgrade": "20231008",
    "dependencies": {
      "@types/react-dom": "^18.2.11",
      "axios": "^1.5.1",
      "localforage": "^1.10.0",
      "normalize.css": "^8.0.1",
      "react": "^18.2.0",
      "react-dom": "^18.2.0",
      "react-redux": "^8.1.3",
      "react-router-dom": "^6.16.0",
      "react-scripts": "5.0.1",
      "react-toastify": "^9.1.3",
      "redux": "^4.2.1",
      "sass": "^1.69.0"
    },
    "scripts": {
      "start": "craco start",
      "build": "react-scripts build",
      "test": "react-scripts test",
      "eject": "react-scripts eject",
      "lint": "eslint .",
      "format": "prettier -w .",
      "preview": "live-server build",
      "storybook": "storybook dev -p 6006",
      "build-storybook": "storybook build"
    },
    "browserslist": {
      "production": [
        ">0.2%",
        "not dead",
        "not op_mini all"
      ],
      "development": [
        "last 1 chrome version",
        "last 1 firefox version",
        "last 1 safari version"
      ]
    },
    "devDependencies": {
      "@craco/craco": "^7.1.0",
      "@html-eslint/eslint-plugin": "^0.19.1",
      "@reduxjs/toolkit": "^1.9.7",
      "@storybook/addon-essentials": "7.4.6",
      "@storybook/addon-interactions": "7.4.6",
      "@storybook/addon-links": "7.4.6",
      "@storybook/blocks": "7.4.6",
      "@storybook/preset-create-react-app": "7.4.6",
      "@storybook/react": "7.4.6",
      "@storybook/react-webpack5": "7.4.6",
      "@storybook/testing-library": "0.2.2",
      "@types/eslint": "^8.44.3",
      "@types/jest": "^29.5.5",
      "@types/prop-types": "^15.7.8",
      "@types/react": "^18.2.25",
      "@types/react-router-dom": "^5.3.3",
      "@typescript-eslint/eslint-plugin": "^6.7.4",
      "@typescript-eslint/parser": "^6.7.4",
      "babel-plugin-named-exports-order": "0.0.2",
      "craco-swc": "^0.5.1",
      "eslint": "^8.51.0",
      "eslint-config-prettier": "^9.0.0",
      "eslint-plugin-html": "^7.1.0",
      "eslint-plugin-import": "^2.28.1",
      "eslint-plugin-jsdoc": "^46.8.2",
      "eslint-plugin-prefer-arrow": "^1.2.3",
      "eslint-plugin-prettier": "^5.0.0",
      "eslint-plugin-react": "^7.33.2",
      "eslint-plugin-storybook": "^0.6.15",
      "prettier": "^3.0.3",
      "prop-types": "15.8.1",
      "storybook": "7.4.6",
      "typescript": "^5.2.2",
      "webpack": "5.88.2"
    },
    "engines": {
      "node": ">=16.0.0",
      "npm": ">=6.0.0"
    },
    "eslintConfig": {
      "overrides": [
        {
          "files": [
            "**/*.stories.*"
          ],
          "rules": {
            "import/no-anonymous-default-export": "off"
          }
        },
        {
          "files": [
            "**/*.stories.*"
          ],
          "rules": {
            "import/no-anonymous-default-export": "off"
          }
        }
      ]
    }
  }

yarn manifest: 
  No manifest

Lockfile: 
  No lockfile
